<?xml version="1.0" encoding="UTF-8"?>
<testng-results skipped="0" failed="0" ignored="1" total="4" passed="3">
  <reporter-output>
  </reporter-output>
  <suite name="Default suite" duration-ms="6520" started-at="2018-01-21T05:08:54Z" finished-at="2018-01-21T05:09:01Z">
    <groups>
    </groups>
    <test name="Default test" duration-ms="6520" started-at="2018-01-21T05:08:54Z" finished-at="2018-01-21T05:09:01Z">
      <class name="checking.RestApi.TwitterE2EFlow">
        <test-method status="PASS" signature="setUp()[pri:0, instance:checking.RestApi.TwitterE2EFlow@ae45eb6]" name="setUp" is-config="true" duration-ms="488" started-at="2018-01-21T10:38:54Z" finished-at="2018-01-21T10:38:55Z">
          <reporter-output>
          </reporter-output>
        </test-method> <!-- setUp -->
        <test-method status="PASS" signature="postTweet()[pri:0, instance:checking.RestApi.TwitterE2EFlow@ae45eb6]" name="postTweet" duration-ms="3498" started-at="2018-01-21T10:38:55Z" finished-at="2018-01-21T10:38:58Z">
          <reporter-output>
          </reporter-output>
        </test-method> <!-- postTweet -->
        <test-method status="PASS" signature="readTweet()[pri:0, instance:checking.RestApi.TwitterE2EFlow@ae45eb6]" name="readTweet" duration-ms="792" started-at="2018-01-21T10:38:58Z" depends-on-methods="checking.RestApi.TwitterE2EFlow.postTweet" finished-at="2018-01-21T10:38:59Z">
          <reporter-output>
          </reporter-output>
        </test-method> <!-- readTweet -->
        <test-method status="PASS" signature="deleteTweetAnotherWay()[pri:0, instance:checking.RestApi.TwitterE2EFlow@ae45eb6]" name="deleteTweetAnotherWay" duration-ms="1700" started-at="2018-01-21T10:38:59Z" depends-on-methods="checking.RestApi.TwitterE2EFlow.readTweet" finished-at="2018-01-21T10:39:01Z">
          <reporter-output>
          </reporter-output>
        </test-method> <!-- deleteTweetAnotherWay -->
      </class> <!-- checking.RestApi.TwitterE2EFlow -->
    </test> <!-- Default test -->
  </suite> <!-- Default suite -->
</testng-results>
