<?xml version="1.0" encoding="UTF-8"?>
<testng-results skipped="0" failed="0" ignored="0" total="1" passed="1">
  <reporter-output>
  </reporter-output>
  <suite name="Default suite" duration-ms="3346" started-at="2018-01-29T14:03:06Z" finished-at="2018-01-29T14:03:09Z">
    <groups>
    </groups>
    <test name="Default test" duration-ms="3346" started-at="2018-01-29T14:03:06Z" finished-at="2018-01-29T14:03:09Z">
      <class name="checking.RestApi.ToolsQa">
        <test-method status="PASS" signature="postUser()[pri:0, instance:checking.RestApi.ToolsQa@4501b7af]" name="postUser" duration-ms="3329" started-at="2018-01-29T19:33:06Z" finished-at="2018-01-29T19:33:09Z">
          <reporter-output>
          </reporter-output>
        </test-method> <!-- postUser -->
      </class> <!-- checking.RestApi.ToolsQa -->
    </test> <!-- Default test -->
  </suite> <!-- Default suite -->
</testng-results>
