<?xml version="1.0" encoding="UTF-8"?>
<!-- Generated by org.testng.reporters.JUnitXMLReporter -->
<testsuite hostname="DESKTOP-J838PBO" ignored="1" name="Default test" tests="3" failures="0" timestamp="21 Jan 2018 05:09:01 GMT" time="6.52" errors="0">
  <testcase name="postTweet" time="3.498" classname="checking.RestApi.TwitterE2EFlow"/>
  <testcase name="readTweet" time="0.792" classname="checking.RestApi.TwitterE2EFlow"/>
  <testcase name="deleteTweetAnotherWay" time="1.7" classname="checking.RestApi.TwitterE2EFlow"/>
  <testcase name="deleteTweet" time="0.0" classname="checking.RestApi.TwitterE2EFlow">
    <ignored/>
  </testcase> <!-- deleteTweet -->
</testsuite> <!-- Default test -->
