<?xml version="1.0" encoding="UTF-8"?>
<!-- Generated by org.testng.reporters.JUnitXMLReporter -->
<testsuite hostname="User-PC" ignored="2" name="Default test" tests="1" failures="0" timestamp="08 Aug 2018 09:54:57 GMT" time="2.001" errors="0">
  <testcase name="employeeDetails" time="1.689" classname="checking.RestApi.TestEmployee"/>
  <testcase name="createEmployee" time="0.0" classname="checking.RestApi.TestEmployee">
    <ignored/>
  </testcase> <!-- createEmployee -->
  <testcase name="updateEmployee" time="0.0" classname="checking.RestApi.TestEmployee">
    <ignored/>
  </testcase> <!-- updateEmployee -->
</testsuite> <!-- Default test -->
